<?xml version="1.0" encoding="UTF-8"?>
<testng-results ignored="0" total="1" passed="1" failed="0" skipped="0">
  <reporter-output>
  </reporter-output>
  <suite started-at="2023-09-29T12:32:28 PKT" name="Default suite" finished-at="2023-09-29T12:32:42 PKT" duration-ms="13552">
    <groups>
    </groups>
    <test started-at="2023-09-29T12:32:28 PKT" name="Default test" finished-at="2023-09-29T12:32:42 PKT" duration-ms="13552">
      <class name="day18.FirsTestTN">
        <test-method is-config="true" signature="openApp()[pri:0, instance:day18.FirsTestTN@2805d709]" started-at="2023-09-29T12:32:28 PKT" name="openApp" finished-at="2023-09-29T12:32:40 PKT" duration-ms="11647" status="PASS">
          <reporter-output>
          </reporter-output>
        </test-method> <!-- openApp -->
        <test-method signature="login()[pri:2, instance:day18.FirsTestTN@2805d709]" started-at="2023-09-29T12:32:40 PKT" name="login" finished-at="2023-09-29T12:32:41 PKT" duration-ms="1636" status="PASS">
          <reporter-output>
          </reporter-output>
        </test-method> <!-- login -->
        <test-method is-config="true" signature="closeAppp()[pri:0, instance:day18.FirsTestTN@2805d709]" started-at="2023-09-29T12:32:41 PKT" name="closeAppp" finished-at="2023-09-29T12:32:42 PKT" duration-ms="216" status="PASS">
          <reporter-output>
          </reporter-output>
        </test-method> <!-- closeAppp -->
      </class> <!-- day18.FirsTestTN -->
    </test> <!-- Default test -->
  </suite> <!-- Default suite -->
</testng-results>
